;  LST file generated by mikroListExporter - v.2.0 
; Date/Time: 05-03-2022 PM 02:40:02
;----------------------------------------------

;Address Opcode 	ASM
0x0000	0xC03B    	RJMP       _main
0x0002	0xCFFE    	RJMP       0
0x0004	0xCFFD    	RJMP       0
0x0006	0xC07A    	RJMP       _Timer1Overflow_ISR
0x0008	0xCFFB    	RJMP       0
0x000A	0xCFFA    	RJMP       0
0x000C	0xCFF9    	RJMP       0
0x000E	0xCFF8    	RJMP       0
0x0010	0xCFF7    	RJMP       0
0x0012	0xCFF6    	RJMP       0
0x0014	0xCFF5    	RJMP       0
0x0016	0xCFF4    	RJMP       0
0x0018	0xCFF3    	RJMP       0
0x001A	0xCFF2    	RJMP       0
0x001C	0xCFF1    	RJMP       0
_main:
0x0078	0xE5BF    	LDI        R27, 95
0x007A	0xBFBD    	OUT        SPL+0, R27
0x007C	0xE0B2    	LDI        R27, 2
0x007E	0xBFBE    	OUT        SPL+1, R27
;sensor.c,132 :: 		void main()
;sensor.c,134 :: 		PORTB4_bit = 1;
0x0080	0xB3B8    	IN         R27, PORTB4_bit+0
0x0082	0x61B0    	SBR        R27, 16
0x0084	0xBBB8    	OUT        PORTB4_bit+0, R27
;sensor.c,135 :: 		DDB4_bit = 1;
0x0086	0xB3B7    	IN         R27, DDB4_bit+0
0x0088	0x61B0    	SBR        R27, 16
0x008A	0xBBB7    	OUT        DDB4_bit+0, R27
;sensor.c,136 :: 		PORTB0_bit = 1;
0x008C	0xB3B8    	IN         R27, PORTB0_bit+0
0x008E	0x60B1    	SBR        R27, 1
0x0090	0xBBB8    	OUT        PORTB0_bit+0, R27
;sensor.c,137 :: 		DDB0_bit = 1;               // Set PORTB pin 0 as input
0x0092	0xB3B7    	IN         R27, DDB0_bit+0
0x0094	0x60B1    	SBR        R27, 1
0x0096	0xBBB7    	OUT        DDB0_bit+0, R27
;sensor.c,138 :: 		PORTB1_bit = 1;
0x0098	0xB3B8    	IN         R27, PORTB1_bit+0
0x009A	0x60B2    	SBR        R27, 2
0x009C	0xBBB8    	OUT        PORTB1_bit+0, R27
;sensor.c,139 :: 		DDB1_bit = 1;                  // Set PORTB pin 1 as input
0x009E	0xB3B7    	IN         R27, DDB1_bit+0
0x00A0	0x60B2    	SBR        R27, 2
0x00A2	0xBBB7    	OUT        DDB1_bit+0, R27
;sensor.c,140 :: 		PORTB2_bit = 0;
0x00A4	0xB3B8    	IN         R27, PORTB2_bit+0
0x00A6	0x7FBB    	CBR        R27, 4
0x00A8	0xBBB8    	OUT        PORTB2_bit+0, R27
;sensor.c,141 :: 		DDB2_bit = 0;
0x00AA	0xB3B7    	IN         R27, DDB2_bit+0
0x00AC	0x7FBB    	CBR        R27, 4
0x00AE	0xBBB7    	OUT        DDB2_bit+0, R27
;sensor.c,142 :: 		uiCnt = 0;
0x00B0	0xE0B0    	LDI        R27, 0
0x00B2	0x006093B0  	STS        _uiCnt+0, R27
0x00B6	0x006193B0  	STS        _uiCnt+1, R27
;sensor.c,143 :: 		PINB0_bit = 0;
0x00BA	0xB3B6    	IN         R27, PINB0_bit+0
0x00BC	0x7FBE    	CBR        R27, 1
0x00BE	0xBBB6    	OUT        PINB0_bit+0, R27
;sensor.c,144 :: 		PINB1_bit = 0;
0x00C0	0xB3B6    	IN         R27, PINB1_bit+0
0x00C2	0x7FBD    	CBR        R27, 2
0x00C4	0xBBB6    	OUT        PINB1_bit+0, R27
;sensor.c,145 :: 		PINB2_bit = 0;
0x00C6	0xB3B6    	IN         R27, PINB2_bit+0
0x00C8	0x7FBB    	CBR        R27, 4
0x00CA	0xBBB6    	OUT        PINB2_bit+0, R27
;sensor.c,147 :: 		PWM_config();
0x00CC	0xDFC8    	RCALL      _PWM_config+0
;sensor.c,148 :: 		PWM_Disable();
0x00CE	0xDFCE    	RCALL      _PWM_Disable+0
;sensor.c,149 :: 		InitTimer1();
0x00D0	0xDFAE    	RCALL      _InitTimer1+0
;sensor.c,151 :: 		while(1)
L_main16:
;sensor.c,153 :: 		if(!PINB2_bit)
0x00D2	0xB3B6    	IN         R27, PINB2_bit+0
0x00D4	0xFDB2    	SBRC       R27, 2
0x00D6	0xC004    	RJMP       L_main18
;sensor.c,155 :: 		PINB0_bit = 1;
0x00D8	0xB3B6    	IN         R27, PINB0_bit+0
0x00DA	0x60B1    	SBR        R27, 1
0x00DC	0xBBB6    	OUT        PINB0_bit+0, R27
;sensor.c,156 :: 		}
0x00DE	0xC003    	RJMP       L_main19
L_main18:
;sensor.c,159 :: 		PINB0_bit = 0;
0x00E0	0xB3B6    	IN         R27, PINB0_bit+0
0x00E2	0x7FBE    	CBR        R27, 1
0x00E4	0xBBB6    	OUT        PINB0_bit+0, R27
;sensor.c,160 :: 		}
L_main19:
;sensor.c,162 :: 		Delay_ms (100);
0x00E6	0xE025    	LDI        R18, 5
0x00E8	0xE01F    	LDI        R17, 15
0x00EA	0xEF02    	LDI        R16, 242
L_main20:
0x00EC	0x950A    	DEC        R16
0x00EE	0xF7F1    	BRNE       L_main20
0x00F0	0x951A    	DEC        R17
0x00F2	0xF7E1    	BRNE       L_main20
0x00F4	0x952A    	DEC        R18
0x00F6	0xF7D1    	BRNE       L_main20
;sensor.c,167 :: 		}
0x00F8	0xCFEC    	RJMP       L_main16
;sensor.c,168 :: 		}
L_end_main:
L__main_end_loop:
0x00FA	0xCFFF    	RJMP       L__main_end_loop
; end of _main
_PWM_config:
;sensor.c,105 :: 		void PWM_config()
;sensor.c,123 :: 		TCCR0A=0x13;
0x005E	0xE1B3    	LDI        R27, 19
0x0060	0xBDBA    	OUT        TCCR0A+0, R27
;sensor.c,124 :: 		TCCR0B=0x01;
0x0062	0xE0B1    	LDI        R27, 1
0x0064	0xBFB3    	OUT        TCCR0B+0, R27
;sensor.c,126 :: 		GTCCR = 0x50;
0x0066	0xE5B0    	LDI        R27, 80
0x0068	0xBDBC    	OUT        GTCCR+0, R27
;sensor.c,128 :: 		}
L_end_PWM_config:
0x006A	0x9508    	RET
; end of _PWM_config
_PWM_Disable:
;sensor.c,13 :: 		void PWM_Disable()
;sensor.c,15 :: 		PINB1_bit = 0;
0x006C	0xB3B6    	IN         R27, PINB1_bit+0
0x006E	0x7FBD    	CBR        R27, 2
0x0070	0xBBB6    	OUT        PINB1_bit+0, R27
;sensor.c,16 :: 		OCR0B = 0;
0x0072	0xE0B0    	LDI        R27, 0
0x0074	0xBDB8    	OUT        OCR0B+0, R27
;sensor.c,17 :: 		}
L_end_PWM_Disable:
0x0076	0x9508    	RET
; end of _PWM_Disable
_InitTimer1:
;sensor.c,63 :: 		void InitTimer1(){
;sensor.c,64 :: 		SREG_I_bit = 1;
0x002E	0xB7BF    	IN         R27, SREG_I_bit+0
0x0030	0x68B0    	SBR        R27, 128
0x0032	0xBFBF    	OUT        SREG_I_bit+0, R27
;sensor.c,65 :: 		OCR1A = 250;
0x0034	0xEFBA    	LDI        R27, 250
0x0036	0xBDBE    	OUT        OCR1A+0, R27
;sensor.c,68 :: 		TCCR1 = 0x87;
0x0038	0xE8B7    	LDI        R27, 135
0x003A	0xBFB0    	OUT        TCCR1+0, R27
;sensor.c,69 :: 		OCIE1A_bit = 1;
0x003C	0xB7B9    	IN         R27, OCIE1A_bit+0
0x003E	0x64B0    	SBR        R27, 64
0x0040	0xBFB9    	OUT        OCIE1A_bit+0, R27
;sensor.c,70 :: 		}
L_end_InitTimer1:
0x0042	0x9508    	RET
; end of _InitTimer1
___CC2DW:
;__Lib_System_nocall.c,28 :: 		
;__Lib_System_nocall.c,30 :: 		
0x0044	0x2FEC    	MOV        R30, R28
;__Lib_System_nocall.c,31 :: 		
0x0046	0x2FFD    	MOV        R31, R29
;__Lib_System_nocall.c,32 :: 		
L_loopDW:
;__Lib_System_nocall.c,33 :: 		
0x0048	0x9005    	LPM        R0, Z+
;__Lib_System_nocall.c,34 :: 		
0x004A	0x920D    	ST         X+, R0
;__Lib_System_nocall.c,35 :: 		
0x004C	0x9701    	SBIW       R24, 1
;__Lib_System_nocall.c,36 :: 		
0x004E	0xF7E1    	BRNE       L_loopDW
;__Lib_System_nocall.c,38 :: 		
L_end___CC2DW:
0x0050	0x9508    	RET
; end of ___CC2DW
_Timer1Overflow_ISR:
0x00FC	0x930F    	PUSH       R16
0x00FE	0x931F    	PUSH       R17
0x0100	0x932F    	PUSH       R18
0x0102	0x933F    	PUSH       R19
0x0104	0x93EF    	PUSH       R30
0x0106	0x93FF    	PUSH       R31
0x0108	0x93BF    	PUSH       R27
0x010A	0xB7BF    	IN         R27, SREG+0
0x010C	0x93BF    	PUSH       R27
;sensor.c,72 :: 		void Timer1Overflow_ISR() org IVT_ADDR_TIMER1_COMPA
;sensor.c,74 :: 		uiCnt++;
0x010E	0x00609100  	LDS        R16, _uiCnt+0
0x0112	0x00619110  	LDS        R17, _uiCnt+1
0x0116	0x5F0F    	SUBI       R16, 255
0x0118	0x4F1F    	SBCI       R17, 255
0x011A	0x00609300  	STS        _uiCnt+0, R16
0x011E	0x00619310  	STS        _uiCnt+1, R17
;sensor.c,75 :: 		PWM_Disable();
0x0122	0xDFA4    	RCALL      _PWM_Disable+0
;sensor.c,76 :: 		if((uiCnt>=PWM_1_Enable) &&  (uiCnt<=PWM_1_Disable))
0x0124	0x00609100  	LDS        R16, _uiCnt+0
0x0128	0x00619110  	LDS        R17, _uiCnt+1
0x012C	0x3010    	CPI        R17, 0
0x012E	0xF409    	BRNE       L__Timer1Overflow_ISR38
0x0130	0x300A    	CPI        R16, 10
L__Timer1Overflow_ISR38:
0x0132	0xF058    	BRLO       L__Timer1Overflow_ISR27
L__Timer1Overflow_ISR39:
0x0134	0x00609120  	LDS        R18, _uiCnt+0
0x0138	0x00619130  	LDS        R19, _uiCnt+1
0x013C	0xE104    	LDI        R16, 20
0x013E	0xE010    	LDI        R17, 0
0x0140	0x1702    	CP         R16, R18
0x0142	0x0713    	CPC        R17, R19
0x0144	0xF010    	BRLO       L__Timer1Overflow_ISR26
L__Timer1Overflow_ISR40:
L__Timer1Overflow_ISR25:
;sensor.c,78 :: 		PWM_Enable();
0x0146	0xDF85    	RCALL      _PWM_Enable+0
;sensor.c,80 :: 		}
0x0148	0xC048    	RJMP       L_Timer1Overflow_ISR3
;sensor.c,76 :: 		if((uiCnt>=PWM_1_Enable) &&  (uiCnt<=PWM_1_Disable))
L__Timer1Overflow_ISR27:
L__Timer1Overflow_ISR26:
;sensor.c,81 :: 		else if((uiCnt>=PWM_1_Disable) &&  (uiCnt<=PWM_2_Enable))
0x014A	0x00609100  	LDS        R16, _uiCnt+0
0x014E	0x00619110  	LDS        R17, _uiCnt+1
0x0152	0x3010    	CPI        R17, 0
0x0154	0xF409    	BRNE       L__Timer1Overflow_ISR41
0x0156	0x3104    	CPI        R16, 20
L__Timer1Overflow_ISR41:
0x0158	0xF070    	BRLO       L__Timer1Overflow_ISR29
L__Timer1Overflow_ISR42:
0x015A	0x00609120  	LDS        R18, _uiCnt+0
0x015E	0x00619130  	LDS        R19, _uiCnt+1
0x0162	0xE10E    	LDI        R16, 30
0x0164	0xE010    	LDI        R17, 0
0x0166	0x1702    	CP         R16, R18
0x0168	0x0713    	CPC        R17, R19
0x016A	0xF028    	BRLO       L__Timer1Overflow_ISR28
L__Timer1Overflow_ISR43:
L__Timer1Overflow_ISR24:
;sensor.c,83 :: 		PWM_Disable();
0x016C	0xDF7F    	RCALL      _PWM_Disable+0
;sensor.c,84 :: 		PINB2_bit = 0;
0x016E	0xB3B6    	IN         R27, PINB2_bit+0
0x0170	0x7FBB    	CBR        R27, 4
0x0172	0xBBB6    	OUT        PINB2_bit+0, R27
;sensor.c,85 :: 		}
0x0174	0xC032    	RJMP       L_Timer1Overflow_ISR7
;sensor.c,81 :: 		else if((uiCnt>=PWM_1_Disable) &&  (uiCnt<=PWM_2_Enable))
L__Timer1Overflow_ISR29:
L__Timer1Overflow_ISR28:
;sensor.c,86 :: 		else if((uiCnt>=PWM_2_Enable) &&  (uiCnt<=PWM_2_Disable))
0x0176	0x00609100  	LDS        R16, _uiCnt+0
0x017A	0x00619110  	LDS        R17, _uiCnt+1
0x017E	0x3010    	CPI        R17, 0
0x0180	0xF409    	BRNE       L__Timer1Overflow_ISR44
0x0182	0x310E    	CPI        R16, 30
L__Timer1Overflow_ISR44:
0x0184	0xF058    	BRLO       L__Timer1Overflow_ISR31
L__Timer1Overflow_ISR45:
0x0186	0x00609120  	LDS        R18, _uiCnt+0
0x018A	0x00619130  	LDS        R19, _uiCnt+1
0x018E	0xE208    	LDI        R16, 40
0x0190	0xE010    	LDI        R17, 0
0x0192	0x1702    	CP         R16, R18
0x0194	0x0713    	CPC        R17, R19
0x0196	0xF010    	BRLO       L__Timer1Overflow_ISR30
L__Timer1Overflow_ISR46:
L__Timer1Overflow_ISR23:
;sensor.c,88 :: 		PWM_Enable();
0x0198	0xDF5C    	RCALL      _PWM_Enable+0
;sensor.c,90 :: 		}
0x019A	0xC01F    	RJMP       L_Timer1Overflow_ISR11
;sensor.c,86 :: 		else if((uiCnt>=PWM_2_Enable) &&  (uiCnt<=PWM_2_Disable))
L__Timer1Overflow_ISR31:
L__Timer1Overflow_ISR30:
;sensor.c,91 :: 		else if((uiCnt>=PWM_2_Disable) &&  (uiCnt<=PWM_2_Stop))
0x019C	0x00609100  	LDS        R16, _uiCnt+0
0x01A0	0x00619110  	LDS        R17, _uiCnt+1
0x01A4	0x3010    	CPI        R17, 0
0x01A6	0xF409    	BRNE       L__Timer1Overflow_ISR47
0x01A8	0x3208    	CPI        R16, 40
L__Timer1Overflow_ISR47:
0x01AA	0xF0B8    	BRLO       L__Timer1Overflow_ISR33
L__Timer1Overflow_ISR48:
0x01AC	0x00609120  	LDS        R18, _uiCnt+0
0x01B0	0x00619130  	LDS        R19, _uiCnt+1
0x01B4	0xEF04    	LDI        R16, 244
0x01B6	0xE011    	LDI        R17, 1
0x01B8	0x1702    	CP         R16, R18
0x01BA	0x0713    	CPC        R17, R19
0x01BC	0xF070    	BRLO       L__Timer1Overflow_ISR32
L__Timer1Overflow_ISR49:
L__Timer1Overflow_ISR22:
;sensor.c,93 :: 		PWM_Disable();
0x01BE	0xDF56    	RCALL      _PWM_Disable+0
;sensor.c,95 :: 		if(uiCnt >= PWM_2_Stop)
0x01C0	0x00609100  	LDS        R16, _uiCnt+0
0x01C4	0x00619110  	LDS        R17, _uiCnt+1
0x01C8	0x3011    	CPI        R17, 1
0x01CA	0xF409    	BRNE       L__Timer1Overflow_ISR50
0x01CC	0x3F04    	CPI        R16, 244
L__Timer1Overflow_ISR50:
0x01CE	0xF028    	BRLO       L_Timer1Overflow_ISR15
L__Timer1Overflow_ISR51:
;sensor.c,96 :: 		uiCnt = 0;
0x01D0	0xE0B0    	LDI        R27, 0
0x01D2	0x006093B0  	STS        _uiCnt+0, R27
0x01D6	0x006193B0  	STS        _uiCnt+1, R27
L_Timer1Overflow_ISR15:
;sensor.c,91 :: 		else if((uiCnt>=PWM_2_Disable) &&  (uiCnt<=PWM_2_Stop))
L__Timer1Overflow_ISR33:
L__Timer1Overflow_ISR32:
;sensor.c,97 :: 		}
L_Timer1Overflow_ISR11:
L_Timer1Overflow_ISR7:
L_Timer1Overflow_ISR3:
;sensor.c,102 :: 		}
L_end_Timer1Overflow_ISR:
0x01DA	0x91BF    	POP        R27
0x01DC	0xBFBF    	OUT        SREG+0, R27
0x01DE	0x91BF    	POP        R27
0x01E0	0x91FF    	POP        R31
0x01E2	0x91EF    	POP        R30
0x01E4	0x913F    	POP        R19
0x01E6	0x912F    	POP        R18
0x01E8	0x911F    	POP        R17
0x01EA	0x910F    	POP        R16
0x01EC	0x9518    	RETI
; end of _Timer1Overflow_ISR
_PWM_Enable:
;sensor.c,8 :: 		void PWM_Enable()
;sensor.c,10 :: 		PINB1_bit = 1;
0x0052	0xB3B6    	IN         R27, PINB1_bit+0
0x0054	0x60B2    	SBR        R27, 2
0x0056	0xBBB6    	OUT        PINB1_bit+0, R27
;sensor.c,11 :: 		OCR0B = 130;
0x0058	0xE8B2    	LDI        R27, 130
0x005A	0xBDB8    	OUT        OCR0B+0, R27
;sensor.c,12 :: 		}
L_end_PWM_Enable:
0x005C	0x9508    	RET
; end of _PWM_Enable
Symbol List:
//** Routines locations **
//ADDRESS    SIZE    PROCEDURE
//----------------------------------------------
0x0017      [11]    _InitTimer1
0x0022       [7]    ___CC2DW
0x0029       [6]    _PWM_Enable
0x002F       [7]    _PWM_config
0x0036       [6]    _PWM_Disable
0x003C      [66]    _main
0x007E     [121]    _Timer1Overflow_ISR
//** Variables locations ** 
//ADDRESS    SIZE    VARIABLE
//----------------------------------------------
0x0000       [1]    R0
0x0000       [1]    Delay_Cyc_loc_L0
0x0001       [1]    R1
0x0002       [4]    FARG_frexp_value
0x0002       [2]    FARG_srand_x
0x0002       [4]    FARG_cosh_x
0x0002       [2]    FARG_FLASH_Read_Words_address
0x0002       [2]    FARG_max_a
0x0002       [4]    FARG_labs_x
0x0002       [1]    FARG_PWM1A_Set_Duty_duty
0x0002       [1]    FARG_PWM1B_Enable_inverted
0x0002       [2]    FARG_xtoi_s
0x0002       [2]    FARG_Lcd_Out_CP_text
0x0002       [2]    FARG_IntToStrWithZeros_input
0x0002       [2]    FARG_FLASH_Erase_Page_address
0x0002       [4]    FARG_ceil_x
0x0002       [1]    FARG_ShortToHex_input
0x0002       [4]    FARG_LongWordToStrWithZeros_input
0x0002       [4]    FARG_floor_x
0x0002       [2]    FARG_min_a
0x0002       [4]    FARG_LongWordToStr_input
0x0002       [2]    FARG_Ow_Reset_port
0x0002       [2]    FARG_Button_port
0x0002       [4]    FARG_fabs_d
0x0002       [4]    FARG_tanh_x
0x0002       [4]    FARG_sin_f
0x0002       [2]    FARG_WordToHex_input
0x0002       [4]    FARG_pow_x
0x0002       [2]    FARG_FLASH_Read_Byte_address
0x0002       [4]    FARG_LongWordToHex_input
0x0002       [1]    FARG_Soft_SPI_Write_sdata
0x0002       [1]    FARG_ByteToStr_input
0x0002       [4]    FARG_acos_x
0x0002       [4]    FARG_LongIntToHex_input
0x0002       [4]    FARG_atan2_y
0x0002       [2]    FARG_FLASH_Read_Bytes_address
0x0002       [4]    FARG_exp_x
0x0002       [2]    FARG_IntToHex_input
0x0002       [4]    FARG_log_x
0x0002       [1]    FARG_Soft_I2C_Write_data_
0x0002       [2]    FARG_Man_Receive_error
0x0002       [4]    FARG_cos_f
0x0002       [4]    FARG_tan_x
0x0002       [4]    FARG_log10_x
0x0002       [2]    FARG_Soft_I2C_Read_ack
0x0002       [1]    FARG_Man_Send_tr_data
0x0002       [2]    FARG_IntToStr_input
0x0002       [2]    FARG_FLASH_Read_Word_address
0x0002       [2]    FARG_Sound_Play_freq_in_hz
0x0002       [4]    FARG_modf_val
0x0002       [1]    FARG_PWM1B_Set_Duty_duty
0x0002       [4]    FARG_ldexp_value
0x0002       [2]    FARG_Sound_Init_port
0x0002       [4]    FARG_sinh_x
0x0002       [4]    FARG___Lib_CMath_eval_poly_x
0x0002       [1]    FARG_Soft_SPI_Read_sdata
0x0002       [2]    FARG_WordToStrWithZeros_input
0x0002       [1]    FARG_Lcd_Chr_CP_out_char
0x0002       [4]    FARG_asin_x
0x0002       [2]    FARG_WordToStr_input
0x0002       [4]    FARG_sqrt_x
0x0002       [2]    FARG_FLASH_Write_Page_address
0x0002       [1]    FARG_ShortToStr_input
0x0002       [4]    FARG_atan_f
0x0002       [1]    FARG_Manchester_Out_BitValue
0x0002       [2]    FARG_Ps2_Key_Read_value
0x0002       [1]    FARG_PWM1_Init_waveMode
0x0002       [2]    FARG_strncat_to
0x0002       [1]    FARG_ADC_Init_Advanced_reference
0x0002       [2]    FARG___Lib_MemManager_MM_CheckBlocks_P1
0x0002       [2]    FARG_strncpy_to
0x0002       [4]    FARG_FloatToStr_fnum
0x0002       [1]    FARG_Lcd_Cmd_out_char
0x0002       [1]    FARG_ADC_Get_Sample_channel
0x0002       [1]    FARG_isgraph_character
0x0002       [2]    FARG_strlen_s
0x0002       [2]    FARG_Ltrim_string
0x0002       [2]    FARG_Time_dateDiff_t1
0x0002       [1]    FARG_isalnum_character
0x0002       [2]    FARG_strtok_s1
0x0002       [1]    FARG_isdigit_character
0x0002       [2]    FARG_Rtrim_string
0x0002       [2]    FARG_strspn_str1
0x0002       [1]    FARG_ispunct_character
0x0002       [2]    FARG_Ow_Write_port
0x0002       [2]    FARG_strcspn_s1
0x0002       [1]    FARG_isspace_character
0x0002       [2]    FARG_memmove_to
0x0002       [2]    FARG_EEPROM_Write_address
0x0002       [2]    FARG_Time_dateToEpoch_ts
0x0002       [2]    FARG_memchr_p
0x0002       [2]    FARG_Malloc_Size
0x0002       [2]    FARG_memcmp_s1
0x0002       [4]    FARG_Time_epochToDate_e
0x0002       [2]    FARG_memcpy_d1
0x0002       [1]    FARG_Lcd_Chr_row
0x0002       [2]    FARG___Lib_MemManager_MM_GetMemAlign_Size
0x0002       [2]    FARG_memset_p1
0x0002       [2]    FARG_strcmp_s1
0x0002       [2]    FARG_strchr_ptr
0x0002       [2]    FARG_EEPROM_Read_address
0x0002       [2]    FARG_strcpy_to
0x0002       [1]    FARG_isxdigit_character
0x0002       [1]    FARG_toupper_character
0x0002       [1]    FARG_ADC_Read_channel
0x0002       [2]    FARG_strcat_to
0x0002       [1]    FARG_tolower_character
0x0002       [1]    FARG_Lcd_Out_row
0x0002       [2]    FARG_VDelay_ms_Time_ms
0x0002       [2]    FARG___Lib_PS2_Get_Hex_ddata
0x0002       [2]    FARG_atol_s
0x0002       [2]    FARG_div_number
0x0002       [1]    FARG_PWM1A_Enable_inverted
0x0002       [1]    FARG_PWM1_Set_Duty_duty
0x0002       [1]    FARG___Lib_FLASH_rwe_FLASH_DoWrite_opCode
0x0002       [2]    FARG_VDelay_Advanced_ms_Time_ms
0x0002       [2]    FARG_atof_s
0x0002       [2]    FARG_atoi_s
0x0002       [2]    FARG_Soft_UART_Init_port
0x0002       [2]    FARG_Soft_UART_Read_error
0x0002       [2]    FARG_Ow_Read_port
0x0002       [2]    FARG_Free_P
0x0002       [4]    FARG_LongToStr_input
0x0002       [4]    FARG_uldiv_number
0x0002       [1]    FARG___Lib_PS2_Ps2_Get_Value_raw
0x0002       [4]    FARG_LongIntToStrWithZeros_input
0x0002       [1]    FARG_Soft_UART_Write_udata
0x0002       [1]    FARG_Delay_Cyc_cycles_div_by_10
0x0002       [4]    FARG_ldiv_number
0x0002       [2]    FARG_cosE3_angle_deg
0x0002       [1]    FARG_isupper_character
0x0002       [1]    R2
0x0002       [2]    FARG_strstr_s1
0x0002       [2]    FARG_Bcd2Dec16_bcdnum
0x0002       [1]    FARG_islower_character
0x0002       [2]    FARG_strrchr_ptr
0x0002       [1]    FARG_iscntrl_character
0x0002       [2]    FARG_strncmp_s1
0x0002       [2]    FARG_strpbrk_s1
0x0002       [2]    FARG_Dec2Bcd16_decnum
0x0002       [1]    FARG_isalpha_character
0x0002       [2]    FARG_sinE3_angle_deg
0x0002       [2]    FARG_abs_a
0x0002       [1]    FARG_Bcd2Dec_bcdnum
0x0002       [2]    FARG___Lib_CStdlib_strtod_s
0x0002       [1]    FARG_ByteToHex_input
0x0002       [1]    FARG_Dec2Bcd_decnum
0x0003       [1]    R3
0x0003       [2]    FARG_ByteToStr_output
0x0003       [2]    FARG_ShortToHex_output
0x0003       [1]    FARG_PWM1B_Enable_modifyTop
0x0003       [1]    FARG_PWM1_Init_prescaler
0x0003       [2]    FARG_ByteToHex_output
0x0003       [1]    FARG_Lcd_Out_column
0x0003       [1]    FARG_Lcd_Chr_column
0x0003       [2]    FARG_ShortToStr_output
0x0004       [2]    FARG_WordToHex_output
0x0004       [1]    FARG_Lcd_Chr_out_char
0x0004       [2]    FARG_Lcd_Out_text
0x0004       [2]    FARG___Lib_MemManager_MM_CheckBlocks_S1
0x0004       [2]    FARG_Free_Size
0x0004       [1]    FARG_strchr_chr
0x0004       [1]    FARG_EEPROM_Write_dData
0x0004       [2]    FARG_strcmp_s2
0x0004       [2]    FARG_memmove_from
0x0004       [1]    FARG_memset_character
0x0004       [2]    FARG_strcat_from
0x0004       [2]    FARG_strspn_str2
0x0004       [2]    FARG_strcspn_s2
0x0004       [1]    FARG_PWM1_Init_inverted
0x0004       [2]    FARG_strcpy_from
0x0004       [2]    FARG_strncat_from
0x0004       [2]    FARG_strncpy_from
0x0004       [1]    FARG_Ow_Read_pin
0x0004       [1]    FARG_Button_pin
0x0004       [2]    FARG_FLASH_Read_Words_buffer
0x0004       [2]    FARG_FLASH_Write_Page_dData
0x0004       [2]    FARG_FLASH_Read_Bytes_buffer
0x0004       [1]    FARG_Ow_Reset_pin
0x0004       [1]    FARG_memchr_n
0x0004       [2]    FARG_memcmp_s2
0x0004       [2]    FARG_memcpy_s1
0x0004       [1]    FARG_Ow_Write_pin
0x0004       [2]    FARG_VDelay_Advanced_ms_Current_Fosc_kHz
0x0004       [2]    FARG_Time_dateDiff_t2
0x0004       [2]    FARG_IntToStrWithZeros_output
0x0004       [2]    FARG_IntToStr_output
0x0004       [2]    FARG_Ps2_Key_Read_special
0x0004       [2]    FARG_max_b
0x0004       [2]    FARG_min_b
0x0004       [2]    FARG_WordToStrWithZeros_output
0x0004       [2]    FARG_IntToHex_output
0x0004       [1]    R4
0x0004       [2]    FARG_Sound_Play_duration_ms
0x0004       [2]    FARG_WordToStr_output
0x0004       [1]    FARG_Sound_Init_pin
0x0004       [1]    FARG_Soft_UART_Init_rx_pin
0x0004       [1]    FARG_strrchr_chr
0x0004       [2]    FARG_strstr_s2
0x0004       [2]    FARG___Lib_CStdlib_strtod_res
0x0004       [2]    FARG_strtok_s2
0x0004       [2]    FARG_strncmp_s2
0x0004       [2]    FARG_strpbrk_s2
0x0004       [2]    FARG_div_denom
0x0005       [1]    R5
0x0005       [1]    FARG_PWM1_Init_duty
0x0005       [2]    FARG_memset_n
0x0005       [1]    FARG_Soft_UART_Init_tx_pin
0x0005       [1]    FARG_Button_time_ms
0x0005       [1]    FARG_Ow_Write_data_
0x0005       [2]    FARG_memchr_v
0x0006       [4]    FARG_Soft_UART_Init_baud_rate
0x0006       [2]    FARG_Ps2_Key_Read_pressed
0x0006       [2]    FARG_LongWordToStr_output
0x0006       [2]    FARG_LongWordToStrWithZeros_output
0x0006       [2]    FARG_LongToStr_output
0x0006       [2]    FARG_LongWordToHex_output
0x0006       [1]    R6
0x0006       [2]    FARG_LongIntToHex_output
0x0006       [2]    FARG_FLASH_Read_Words_NoWords
0x0006       [1]    FARG_Button_active_state
0x0006       [2]    FARG_FLASH_Read_Bytes_NoBytes
0x0006       [2]    FARG_LongIntToStrWithZeros_output
0x0006       [2]    FARG_FloatToStr_str
0x0006       [2]    FARG_Time_epochToDate_ts
0x0006       [2]    FARG_ldexp_newexp
0x0006       [2]    FARG_frexp_eptr
0x0006       [4]    FARG_uldiv_denom
0x0006       [4]    FARG_atan2_x
0x0006       [2]    FARG_modf_iptr
0x0006       [2]    FARG___Lib_CMath_eval_poly_d
0x0006       [4]    FARG_ldiv_denom
0x0006       [2]    FARG_memmove_n
0x0006       [2]    FARG_memcpy_n
0x0006       [2]    FARG_memcmp_n
0x0006       [1]    FARG_strncmp_len
0x0006       [2]    FARG_strncpy_size
0x0006       [2]    FARG_strncat_size
0x0006       [4]    FARG_pow_y
0x0006       [2]    FARG___Lib_MemManager_MM_CheckBlocks_P2
0x0007       [1]    R7
0x0008       [2]    FARG___Lib_CMath_eval_poly_n
0x0008       [1]    R8
0x0008       [2]    FARG___Lib_MemManager_MM_CheckBlocks_S2
0x0009       [1]    R9
0x000A       [1]    R10
0x000B       [1]    R11
0x000C       [1]    R12
0x000D       [1]    R13
0x000E       [1]    R14
0x000F       [1]    R15
0x0010       [2]    FLASH_Read_Word_temp_L0
0x0010       [1]    R16
0x0011       [1]    R17
0x0012       [1]    R18
0x0013       [1]    R19
0x0014       [1]    R20
0x0015       [1]    R21
0x0016       [1]    R22
0x0016       [2]    FLASH_Read_Words_temp_L0
0x0017       [1]    R23
0x0018       [2]    FLASH_Read_Words_counter_L0
0x0018       [2]    FLASH_Read_Bytes_counter_L0
0x0018       [1]    R24
0x0019       [1]    R25
0x001A       [1]    R26
0x001A       [2]    X
0x001A       [1]    XL
0x001B       [1]    R27
0x001B       [1]    XH
0x001C       [2]    Y
0x001C       [1]    YL
0x001C       [1]    R28
0x001D       [1]    YH
0x001D       [1]    R29
0x001E       [1]    ZL
0x001E       [1]    R30
0x001E       [2]    Z
0x001F       [1]    R31
0x001F       [1]    ZH
0x0023       [0]    ADTS1_bit
0x0023       [1]    ADCSRB
0x0023       [0]    ACME_bit
0x0023       [0]    ADTS0_bit
0x0023       [0]    BIN_bit
0x0023       [0]    ADTS2_bit
0x0023       [0]    IPR_bit
0x0024       [0]    ADCL5_bit
0x0024       [0]    ADCL2_bit
0x0024       [0]    ADCL1_bit
0x0024       [0]    ADCL4_bit
0x0024       [0]    ADCL3_bit
0x0024       [0]    ADCL0_bit
0x0024       [0]    ADCL6_bit
0x0024       [0]    ADCL7_bit
0x0024       [1]    ADCL
0x0025       [1]    ADCH
0x0025       [0]    ADCH4_bit
0x0025       [0]    ADCH3_bit
0x0025       [0]    ADCH5_bit
0x0025       [0]    ADCH7_bit
0x0025       [0]    ADCH6_bit
0x0025       [0]    ADCH2_bit
0x0025       [0]    ADCH1_bit
0x0025       [0]    ADCH0_bit
0x0026       [0]    ADIF_bit
0x0026       [0]    ADSC_bit
0x0026       [0]    ADATE_bit
0x0026       [0]    ADEN_bit
0x0026       [0]    ADPS1_bit
0x0026       [0]    ADPS0_bit
0x0026       [1]    ADCSRA
0x0026       [0]    ADIE_bit
0x0026       [0]    ADPS2_bit
0x0027       [0]    MUX3_bit
0x0027       [0]    REFS2_bit
0x0027       [0]    ADLAR_bit
0x0027       [0]    MUX2_bit
0x0027       [1]    ADMUX
0x0027       [0]    MUX0_bit
0x0027       [0]    MUX1_bit
0x0027       [0]    REFS0_bit
0x0027       [0]    REFS1_bit
0x0028       [0]    ACI_bit
0x0028       [0]    ACIS0_bit
0x0028       [0]    ACBG_bit
0x0028       [0]    ACD_bit
0x0028       [0]    ACIS1_bit
0x0028       [1]    ACSR
0x0028       [0]    ACIE_bit
0x0028       [0]    ACO_bit
0x002D       [0]    USICLK_bit
0x002D       [0]    USICS0_bit
0x002D       [0]    USITC_bit
0x002D       [0]    USIWM0_bit
0x002D       [0]    USISIE_bit
0x002D       [0]    USICS1_bit
0x002D       [1]    USICR
0x002D       [0]    USIWM1_bit
0x002D       [0]    USIOIE_bit
0x002E       [0]    USIPF_bit
0x002E       [0]    USIOIF_bit
0x002E       [1]    USISR
0x002E       [0]    USICNT0_bit
0x002E       [0]    USICNT1_bit
0x002E       [0]    USISIF_bit
0x002E       [0]    USIDC_bit
0x002E       [0]    USICNT3_bit
0x002E       [0]    USICNT2_bit
0x002F       [1]    USIDR
0x002F       [0]    USIDR4_bit
0x002F       [0]    USIDR5_bit
0x002F       [0]    USIDR3_bit
0x002F       [0]    USIDR2_bit
0x002F       [0]    USIDR1_bit
0x002F       [0]    USIDR0_bit
0x002F       [0]    USIDR7_bit
0x002F       [0]    USIDR6_bit
0x0030       [0]    USIBR2_bit
0x0030       [0]    USIBR1_bit
0x0030       [0]    USIBR0_bit
0x0030       [0]    USIBR3_bit
0x0030       [0]    USIBR6_bit
0x0030       [0]    USIBR7_bit
0x0030       [0]    USIBR4_bit
0x0030       [0]    USIBR5_bit
0x0030       [1]    USIBR
0x0031       [0]    GPIOR07_bit
0x0031       [0]    GPIOR03_bit
0x0031       [0]    GPIOR00_bit
0x0031       [0]    GPIOR04_bit
0x0031       [0]    GPIOR05_bit
0x0031       [0]    GPIOR01_bit
0x0031       [0]    GPIOR06_bit
0x0031       [1]    GPIOR0
0x0031       [0]    GPIOR02_bit
0x0032       [0]    GPIOR10_bit
0x0032       [0]    GPIOR14_bit
0x0032       [1]    GPIOR1
0x0032       [0]    GPIOR13_bit
0x0032       [0]    GPIOR17_bit
0x0032       [0]    GPIOR11_bit
0x0032       [0]    GPIOR16_bit
0x0032       [0]    GPIOR12_bit
0x0032       [0]    GPIOR15_bit
0x0033       [0]    GPIOR21_bit
0x0033       [0]    GPIOR22_bit
0x0033       [1]    GPIOR2
0x0033       [0]    GPIOR20_bit
0x0033       [0]    GPIOR23_bit
0x0033       [0]    GPIOR26_bit
0x0033       [0]    GPIOR27_bit
0x0033       [0]    GPIOR24_bit
0x0033       [0]    GPIOR25_bit
0x0034       [0]    AIN1D_bit
0x0034       [0]    AIN0D_bit
0x0034       [1]    DIDR0
0x0034       [0]    ADC1D_bit
0x0034       [0]    ADC0D_bit
0x0034       [0]    ADC2D_bit
0x0034       [0]    ADC3D_bit
0x0035       [0]    PCINT1_bit
0x0035       [0]    PCINT0_bit
0x0035       [1]    PCMSK
0x0035       [0]    PCINT2_bit
0x0035       [0]    PCINT5_bit
0x0035       [0]    PCINT4_bit
0x0035       [0]    PCINT3_bit
0x0036       [0]    PINB1_bit
0x0036       [0]    PINB2_bit
0x0036       [1]    PINB
0x0036       [0]    PINB0_bit
0x0036       [0]    PINB5_bit
0x0036       [0]    PINB3_bit
0x0036       [0]    PINB4_bit
0x0037       [0]    DDB1_bit
0x0037       [0]    DDB2_bit
0x0037       [1]    DDRB
0x0037       [0]    DDB0_bit
0x0037       [0]    DDB5_bit
0x0037       [0]    DDB4_bit
0x0037       [0]    DDB3_bit
0x0038       [0]    PORTB1_bit
0x0038       [0]    PORTB2_bit
0x0038       [1]    PORTB
0x0038       [0]    PORTB0_bit
0x0038       [0]    PORTB5_bit
0x0038       [0]    PORTB4_bit
0x0038       [0]    PORTB3_bit
0x003C       [0]    EEPE_bit
0x003C       [0]    EEMPE_bit
0x003C       [1]    EECR
0x003C       [0]    EERE_bit
0x003C       [0]    EEPM1_bit
0x003C       [0]    EERIE_bit
0x003C       [0]    EEPM0_bit
0x003D       [0]    EEDR1_bit
0x003D       [0]    EEDR2_bit
0x003D       [1]    EEDR
0x003D       [0]    EEDR0_bit
0x003D       [0]    EEDR3_bit
0x003D       [0]    EEDR6_bit
0x003D       [0]    EEDR7_bit
0x003D       [0]    EEDR4_bit
0x003D       [0]    EEDR5_bit
0x003E       [0]    EEAR1_bit
0x003E       [0]    EEAR2_bit
0x003E       [1]    EEARL
0x003E       [0]    EEAR0_bit
0x003E       [0]    EEAR3_bit
0x003E       [0]    EEAR6_bit
0x003E       [0]    EEAR7_bit
0x003E       [0]    EEAR4_bit
0x003E       [0]    EEAR5_bit
0x003F       [1]    EEARH
0x003F       [0]    EEAR8_bit
0x0040       [0]    PRADC_bit
0x0040       [1]    PRR
0x0040       [0]    PRUSI_bit
0x0040       [0]    PRTIM1_bit
0x0040       [0]    PRTIM0_bit
0x0041       [0]    WDP1_bit
0x0041       [0]    WDP2_bit
0x0041       [1]    WDTCR
0x0041       [0]    WDP0_bit
0x0041       [0]    WDE_bit
0x0041       [0]    WDIE_bit
0x0041       [0]    WDIF_bit
0x0041       [0]    WDCE_bit
0x0041       [0]    WDP3_bit
0x0042       [0]    DWDR1_bit
0x0042       [0]    DWDR2_bit
0x0042       [1]    DWDR
0x0042       [0]    DWDR0_bit
0x0042       [0]    DWDR3_bit
0x0042       [0]    DWDR6_bit
0x0042       [0]    DWDR7_bit
0x0042       [0]    DWDR4_bit
0x0042       [0]    DWDR5_bit
0x0043       [1]    DTPS
0x0043       [0]    DTPS0_bit
0x0043       [0]    DTPS1_bit
0x0044       [0]    DTVL1_DT1B_bit
0x0044       [0]    DTVL2_DT1B_bit
0x0044       [1]    DT1B
0x0044       [0]    DTVL0_DT1B_bit
0x0044       [0]    DTVL3_DT1B_bit
0x0044       [0]    DTVH2_DT1B_bit
0x0044       [0]    DTVH3_DT1B_bit
0x0044       [0]    DTVH0_DT1B_bit
0x0044       [0]    DTVH1_DT1B_bit
0x0045       [0]    DTVL1_bit
0x0045       [0]    DTVL2_bit
0x0045       [1]    DT1A
0x0045       [0]    DTVL0_bit
0x0045       [0]    DTVL3_bit
0x0045       [0]    DTVH2_bit
0x0045       [0]    DTVH3_bit
0x0045       [0]    DTVH0_bit
0x0045       [0]    DTVH1_bit
0x0046       [0]    CLKPS1_bit
0x0046       [0]    CLKPS0_bit
0x0046       [1]    CLKPR
0x0046       [0]    CLKPCE_bit
0x0046       [0]    CLKPS3_bit
0x0046       [0]    CLKPS2_bit
0x0047       [0]    PLOCK_bit
0x0047       [1]    PLLCSR
0x0047       [0]    PLLE_bit
0x0047       [0]    LSM_bit
0x0047       [0]    PCKE_bit
0x0048       [0]    OCR0_1_OCR0B_bit
0x0048       [0]    OCR0_2_OCR0B_bit
0x0048       [1]    OCR0B
0x0048       [0]    OCR0_0_OCR0B_bit
0x0048       [0]    OCR0_3_OCR0B_bit
0x0048       [0]    OCR0_6_OCR0B_bit
0x0048       [0]    OCR0_7_OCR0B_bit
0x0048       [0]    OCR0_4_OCR0B_bit
0x0048       [0]    OCR0_5_OCR0B_bit
0x0049       [0]    OCR0_1_bit
0x0049       [0]    OCR0_2_bit
0x0049       [1]    OCR0A
0x0049       [0]    OCR0_0_bit
0x0049       [0]    OCR0_3_bit
0x0049       [0]    OCR0_6_bit
0x0049       [0]    OCR0_7_bit
0x0049       [0]    OCR0_4_bit
0x0049       [0]    OCR0_5_bit
0x004A       [0]    WGM01_bit
0x004A       [0]    WGM00_bit
0x004A       [1]    TCCR0A
0x004A       [0]    COM0B0_bit
0x004A       [0]    COM0A1_bit
0x004A       [0]    COM0A0_bit
0x004A       [0]    COM0B1_bit
0x004B       [0]    OCR1B1_bit
0x004B       [0]    OCR1B2_bit
0x004B       [1]    OCR1B
0x004B       [0]    OCR1B0_bit
0x004B       [0]    OCR1B3_bit
0x004B       [0]    OCR1B6_bit
0x004B       [0]    OCR1B7_bit
0x004B       [0]    OCR1B4_bit
0x004B       [0]    OCR1B5_bit
0x004C       [0]    TSM_bit
0x004C       [0]    PSR1_bit
0x004C       [1]    GTCCR
0x004C       [0]    PSR0_bit
0x004C       [0]    FOC1A_bit
0x004C       [0]    COM1B1_bit
0x004C       [0]    PWM1B_bit
0x004C       [0]    FOC1B_bit
0x004C       [0]    COM1B0_bit
0x004D       [0]    OCR1C1_bit
0x004D       [0]    OCR1C2_bit
0x004D       [1]    OCR1C
0x004D       [0]    OCR1C0_bit
0x004D       [0]    OCR1C3_bit
0x004D       [0]    OCR1C6_bit
0x004D       [0]    OCR1C7_bit
0x004D       [0]    OCR1C4_bit
0x004D       [0]    OCR1C5_bit
0x004E       [0]    OCR1A1_bit
0x004E       [0]    OCR1A2_bit
0x004E       [1]    OCR1A
0x004E       [0]    OCR1A0_bit
0x004E       [0]    OCR1A3_bit
0x004E       [0]    OCR1A6_bit
0x004E       [0]    OCR1A7_bit
0x004E       [0]    OCR1A4_bit
0x004E       [0]    OCR1A5_bit
0x004F       [0]    TCNT1_1_bit
0x004F       [0]    TCNT1_2_bit
0x004F       [1]    TCNT1
0x004F       [0]    TCNT1_0_bit
0x004F       [0]    TCNT1_3_bit
0x004F       [0]    TCNT1_6_bit
0x004F       [0]    TCNT1_7_bit
0x004F       [0]    TCNT1_4_bit
0x004F       [0]    TCNT1_5_bit
0x0050       [0]    CS11_bit
0x0050       [0]    CS12_bit
0x0050       [1]    TCCR1
0x0050       [0]    CS10_bit
0x0050       [0]    CS13_bit
0x0050       [0]    PWM1A_bit
0x0050       [0]    CTC1_bit
0x0050       [0]    COM1A0_bit
0x0050       [0]    COM1A1_bit
0x0051       [0]    CAL6_bit
0x0051       [0]    CAL7_bit
0x0051       [0]    CAL5_bit
0x0051       [0]    CAL1_bit
0x0051       [0]    CAL0_bit
0x0051       [1]    OSCCAL
0x0051       [0]    CAL4_bit
0x0051       [0]    CAL3_bit
0x0051       [0]    CAL2_bit
0x0052       [0]    TCNT0_1_bit
0x0052       [0]    TCNT0_2_bit
0x0052       [1]    TCNT0
0x0052       [0]    TCNT0_0_bit
0x0052       [0]    TCNT0_3_bit
0x0052       [0]    TCNT0_6_bit
0x0052       [0]    TCNT0_7_bit
0x0052       [0]    TCNT0_4_bit
0x0052       [0]    TCNT0_5_bit
0x0053       [0]    CS01_bit
0x0053       [0]    CS00_bit
0x0053       [1]    TCCR0B
0x0053       [0]    CS02_bit
0x0053       [0]    FOC0A_bit
0x0053       [0]    FOC0B_bit
0x0053       [0]    WGM02_bit
0x0054       [0]    PORF_bit
0x0054       [1]    MCUSR
0x0054       [0]    EXTRF_bit
0x0054       [0]    WDRF_bit
0x0054       [0]    BORF_bit
0x0055       [0]    SM1_bit
0x0055       [0]    SM0_bit
0x0055       [0]    ISC01_bit
0x0055       [1]    MCUCR
0x0055       [0]    ISC00_bit
0x0055       [0]    SE_bit
0x0055       [0]    PUD_bit
0x0057       [0]    PGWRT_bit
0x0057       [0]    RFLB_bit
0x0057       [0]    CTPB_bit
0x0057       [0]    SPMEN_bit
0x0057       [0]    PGERS_bit
0x0057       [1]    SPMCSR
0x0058       [0]    TOV1_bit
0x0058       [0]    OCF1B_bit
0x0058       [0]    OCF1A_bit
0x0058       [0]    OCF0A_bit
0x0058       [0]    TOV0_bit
0x0058       [1]    TIFR
0x0058       [0]    OCF0B_bit
0x0059       [0]    OCIE1B_bit
0x0059       [0]    OCIE0B_bit
0x0059       [1]    TIMSK
0x0059       [0]    TOIE0_bit
0x0059       [0]    OCIE1A_bit
0x0059       [0]    TOIE1_bit
0x0059       [0]    OCIE0A_bit
0x005A       [1]    GIFR
0x005A       [0]    INTF0_bit
0x005A       [0]    PCIF_bit
0x005B       [0]    PCIE_bit
0x005B       [1]    GIMSK
0x005B       [0]    INT0_bit
0x005D       [0]    SP6_bit
0x005D       [0]    SP7_bit
0x005D       [0]    SP5_bit
0x005D       [0]    SP4_bit
0x005D       [0]    SP0_bit
0x005D       [1]    SPL
0x005D       [0]    SP1_bit
0x005D       [0]    SP3_bit
0x005D       [0]    SP2_bit
0x005E       [1]    SPH
0x005E       [0]    SP8_bit
0x005E       [0]    SP9_bit
0x005F       [0]    SREG_S_bit
0x005F       [0]    SREG_H_bit
0x005F       [0]    SREG_V_bit
0x005F       [0]    SREG_N_bit
0x005F       [0]    SREG_Z_bit
0x005F       [1]    SREG
0x005F       [0]    SREG_I_bit
0x005F       [0]    SREG_T_bit
0x005F       [0]    SREG_C_bit
0x0060       [2]    _uiCnt
